[2024-07-11_14:12:15]  Starting installation
Now installing: AlarmScreenNg
Copying files ....
ASCII import of file NgAsAdmin_DPT.dpl is finished successfully
ASCII import of file NgAsConfig_DPT.dpl is finished successfully
ASCII import of file NgAsFilter_DPT.dpl is finished successfully
ASCII import of file NgAsFilterSet_DPT.dpl is finished successfully
ASCII import of file NgAsUserSetting_DPT.dpl is finished successfully
ASCII import of file NgAsConfig_Basic.dpl is finished successfully
Now installing: fwCore
     Installing sub Components ... 
Copying files ....
  Importing general config file: ./config/fwStdLib.config ... 
Copying files ....
  Importing general config file: ./config/fwStdUi.config ... 
Copying files ....
ASCII import of file fwGeneral.dpl is finished successfully
ASCII import of file fwGeneral_ProgressBar.dpl is finished successfully
ASCII import of file fwGeneric_KnownEmails.dpl is finished successfully
  Importing general config file: ./config/fwGeneral.config ... 
Copying files ....
ASCII import of file fwConfigsAlarmClasses.dpl is finished successfully
Copying files ....
ASCII import of file fwDeviceDPTs.dpl is finished successfully
ASCII import of file _FwTreeNodeInfo.dpl is finished successfully
Copying files ....
ASCII import of file fwNodeDPs.dpl is finished successfully
ASCII import of file fwNodeDPTs.dpl is finished successfully
Copying files ....
ASCII import of file unDistributedControl.dpl is finished successfully
Copying files ....
ASCII import of file fwTree.dpl is finished successfully
  Importing general config file: ./config/fwTree.config ... 
Copying files ....
ASCII import of file fwAlarmHandlingDPs.dpl is finished successfully
ASCII import of file fwAlarmHandlingDPTs.dpl is finished successfully
ASCII import of file fwAlarmPanelConfig.dpl is finished successfully
  Importing general config file: ./config/fwAlarmHandling.config ... 
Copying files ....
  Importing general config file: ./config/fwCore.config ... 
Now installing: fwCaen
Copying files ....
Copying files ....
ASCII import of file fwCaenDPs.dpl is finished successfully
ASCII import of file fwCaenDPTs.dpl is finished successfully
ASCII import of file fwCaenOldCratesDPs.dpl is finished successfully
ASCII import of file fwCaenOldCratesDPTs.dpl is finished successfully
ASCII import of file fwCaenEasyDPs.dpl is finished successfully
ASCII import of file fwCaenEasyDPTs.dpl is finished successfully
ASCII import of file fwCaenEasy6000.dpl is finished successfully
ASCII import of file fwCaenCmsMdtDPs.dpl is finished successfully
ASCII import of file fwCaenCmsMdtDPTs.dpl is finished successfully
Now installing: fwAccessControl
Copying files ....
ASCII import of file fwAccessControl.dpl is finished successfully
  Importing general config file: ./config/fwAccessControl.config ... 
Now installing: fwDIM
Copying files ....
ASCII import of file FwDimDemoDps.dpl is finished successfully
ASCII import of file FwDimDps.dpl is finished successfully
Now installing: fwAnalogDigital
Copying files ....
ASCII import of file fwAnalogDigitalDPs.dpl is finished successfully
ASCII import of file fwAnalogDigitalDPTs.dpl is finished successfully
Now installing: fwDeviceEditorNavigator
Copying files ....
ASCII import of file fwDeviceEditorNavigatorDPTs.dpl is finished successfully
Now installing: fwFSM
Copying files ....
ASCII import of file FwFsmDps.dpl is finished successfully
  Importing general config file: ./config/fwFSM.config ... 
Now installing: fwTrending
Copying files ....
ASCII import of file fwTrendingDPTs.dpl is finished successfully
ASCII import of file fwTrendingDPs.dpl is finished successfully
Now installing: fwAlarmScreenNg
Copying files ....
[2024-07-11_14:14:35] Finishing installation
[2024-07-11_14:14:35] Please find the log file for this installation operation in: D:/CERN_new/FIT_trnst/log/fwInstallation.log
ASCII import of file fwAlarmHandlingDPE_AESConfig_fwAes.dpl is finished successfully
ASCII import of file fwAlarmHandlingDPE_AESProperties_fwAes.dpl is finished successfully
ASCII import of file fwAlarmHandlingDPE_AEScreen_fwAes.dpl is finished successfully
ASCII import of file fwTrendingFreshInstallDPs.dpl is finished successfully
ASCII import of file NgAsConfig_JCOP.dpl is finished with status code: 56
Details can be found in ASCII import log: D:/CERN_new/FIT_trnst/log/fwInstallation_WCCOAasciiSQLite_log.txt
