PVSS00dim(2) - Fri Jul 12 14:11:02 2024
	*** Using DIM Config DP: FRED
PVSS00dim(2) - Fri Jul 12 14:11:02 2024
	*** 11 DIM Client Service(s) Set Up
PVSS00dim(2) - Fri Jul 12 14:11:02 2024
	*** 1 DIM Client Command(s) Set Up
PVSS00dim(2) - Fri Jul 12 14:13:10 2024
	Exiting... 
PVSS00dim(2) - Fri Jul 12 15:00:21 2024
	*** Using DIM Config DP: FRED
PVSS00dim(2) - Fri Jul 12 15:00:21 2024
	*** 11 DIM Client Service(s) Set Up
PVSS00dim(2) - Fri Jul 12 15:00:21 2024
	*** 1 DIM Client Command(s) Set Up
PVSS00dim(2) - Fri Jul 12 15:10:43 2024
	*** Using DIM Config DP: FRED
PVSS00dim(2) - Fri Jul 12 15:10:43 2024
	*** 12 DIM Client Service(s) Set Up
PVSS00dim(2) - Fri Jul 12 15:20:44 2024
	Exiting... 
PVSS00dim(2) - Mon Jul 15 14:06:48 2024
	*** Using DIM Config DP: FRED
PVSS00dim(2) - Mon Jul 15 14:06:48 2024
	*** 12 DIM Client Service(s) Set Up
PVSS00dim(2) - Mon Jul 15 14:23:24 2024
	Exiting... 
