2024.07.11 14:14:49.084[""]
2024.07.11 14:14:49.084["**************** fwCaen .postinstall (start) ****************"]
2024.07.11 14:14:49.084[""]
2024.07.11 14:14:49.084[""]
2024.07.11 14:14:49.084["**************** fwCaen .postinstall (finish) ****************"]
2024.07.11 14:14:49.084[""]
2024.07.11 14:14:49.224[""]
2024.07.11 14:14:49.224["**************** fwTrending .postinstall (start) ****************"]
2024.07.11 14:14:49.224[""]
2024.07.11 14:14:49.224["fwTrending: Detected fresh installation of fwTrending. Importing DPs..."]
2024.07.11 14:14:49.404["fwTrending: configuring default panels"]
2024.07.11 14:14:49.404["fwTrending: adding clipboard to trend tree"]
2024.07.11 14:14:49.407["fwTrending: updating device references"]
2024.07.11 14:14:49.412["fwTrending.postInstall() -> FWTREND-1067 -> Fix not required"]
2024.07.11 14:14:49.414[""]
2024.07.11 14:14:49.414["**************** fwTrending .postinstall (finish) ****************"]
2024.07.11 14:14:49.414[""]
2024.07.11 15:26:36.370["dist_1:DistributedControl: DistributedControl initialisation successfully done"]
2024.07.11 15:26:36.370["dist_1:DistributedControl: unDistributedControl version 9.1.0 loaded"]
2024.07.11 16:22:35.287["dist_1:DistributedControl: DistributedControl initialisation successfully done"]
2024.07.11 16:22:35.287["dist_1:DistributedControl: unDistributedControl version 9.1.0 loaded"]
2024.07.12 09:38:10.622["dist_1:DistributedControl: DistributedControl initialisation successfully done"]
2024.07.12 09:38:10.622["dist_1:DistributedControl: unDistributedControl version 9.1.0 loaded"]
2024.07.12 10:06:25.318["dist_1:DistributedControl: DistributedControl initialisation successfully done"]
2024.07.12 10:06:25.318["dist_1:DistributedControl: unDistributedControl version 9.1.0 loaded"]
2024.07.16 09:27:24.604["dist_1:DistributedControl: DistributedControl initialisation successfully done"]
2024.07.16 09:27:24.604["dist_1:DistributedControl: unDistributedControl version 9.1.0 loaded"]
2024.07.16 14:20:30.622["dist_1:DistributedControl: DistributedControl initialisation successfully done"]
2024.07.16 14:20:30.623["dist_1:DistributedControl: unDistributedControl version 9.1.0 loaded"]
2024.07.16 15:24:13.576["dist_1:DistributedControl: DistributedControl initialisation successfully done"]
2024.07.16 15:24:13.576["dist_1:DistributedControl: unDistributedControl version 9.1.0 loaded"]
2024.07.17 10:06:30.288["dist_1:DistributedControl: DistributedControl initialisation successfully done"]
2024.07.17 10:06:30.288["dist_1:DistributedControl: unDistributedControl version 9.1.0 loaded"]
2024.07.17 10:40:06.087["dist_1:DistributedControl: DistributedControl initialisation successfully done"]
2024.07.17 10:40:06.087["dist_1:DistributedControl: unDistributedControl version 9.1.0 loaded"]
2024.07.17 11:11:07.566["dist_1:DistributedControl: DistributedControl initialisation successfully done"]
2024.07.17 11:11:07.566["dist_1:DistributedControl: unDistributedControl version 9.1.0 loaded"]
