2024.07.11 14:13:37.723["fwCaen.preInit script: running script"]
2024.07.11 14:13:37.724["fwCaen.preinit script: created missing user defined type _FwCaenBoardSY1527A1676UserDefined"]
2024.07.11 14:13:37.725["fwCaen.preinit script: created missing user defined type _FwCaenBoardSY1527A1660UserDefined"]
2024.07.11 14:13:37.726["fwCaen.preinit script: created missing user defined type _FwCaenCrateEasyUserDefined"]
2024.07.11 14:13:37.727["fwCaen.preinit script: created missing user defined type _FwCaenBoardEasyUserDefined"]
2024.07.11 14:13:37.728["fwCaen.preinit script: created missing user defined type _FwCaenChannelADCUserDefined"]
2024.07.11 14:13:37.728["fwCaen.preinit script: created missing user defined type _FwCaenChannelDACUserDefined"]
2024.07.11 14:13:37.730["fwCaen.preinit script: created missing user defined type _FwCaenChannelUserDefined"]
2024.07.11 14:13:37.731["fwCaen.preinit script: created missing user defined type _FwCaenCrateSY1527UserDefined"]
2024.07.11 14:13:37.732["fwCaen.preinit script: created missing user defined type _FwCaenBoardSY1527UserDefined"]
2024.07.11 14:13:37.733["fwCaen.preinit script: created missing user defined type _FwCaenCrateVMEUserDefined"]
2024.07.11 14:13:37.733["fwCaen.preinit script: created missing user defined type _FwCaenChannelVMEUserDefined"]
2024.07.11 14:13:37.734["fwCaen.preinit script: created missing user defined type _FwCaenCrateNGPSUserDefined"]
2024.07.11 14:13:37.734["fwCaen.preinit script: script finished"]
["fwTrending: initialization script"]
["fwTrending: Detected fresh installation of fwTrending. Flagging post-install job to import DPs for runnning."]
2024.07.11 14:14:47.631["System Name: dist_1: System Number: 1 - FwFsm: version is 3424"]
2024.07.11 14:19:23.308["System Name: dist_1: System Number: 1 - FwFsm: version is 3424"]
2024.07.11 14:25:21.298["System Name: dist_1: System Number: 1 - FwFsm: version is 3424"]
2024.07.11 14:27:48.584["System Name: dist_1: System Number: 1 - FwFsm: version is 3424"]
2024.07.11 14:56:10.592["System Name: dist_1: System Number: 1 - FwFsm: version is 3424"]
2024.07.11 15:26:37.277["System Name: dist_1: System Number: 1 - FwFsm: version is 3424"]
2024.07.11 15:51:47.650["System Name: dist_1: System Number: 1 - FwFsm: version is 3424"]
["0"]
["0"]
["0"]
["0"]
["0"]
["0"]
["0"]
["-28"]
["0"]
["-28"]
["0"]
["-28"]
["ADD_35_56"]
["-28"]
[""]
["91"]
["ADD_35_564"]
["-28"]
["ADD_35_564"]
["-28"]
["ADD_35_564"]
["-28"]
["ADD_55_564"]
["0"]
2024.07.11 16:22:36.089["System Name: dist_1: System Number: 1 - FwFsm: version is 3424"]
2024.07.11 16:53:24.225["System Name: dist_1: System Number: 1 - FwFsm: version is 3424"]
2024.07.12 09:07:18.838["System Name: dist_1: System Number: 1 - FwFsm: version is 3424"]
2024.07.12 09:38:16.478["System Name: dist_1: System Number: 1 - FwFsm: version is 3424"]
2024.07.12 10:06:26.982["System Name: dist_1: System Number: 1 - FwFsm: version is 3424"]
2024.07.12 11:12:35.046["System Name: dist_1: System Number: 1 - FwFsm: version is 3424"]
2024.07.12 11:26:33.732["System Name: dist_1: System Number: 1 - FwFsm: version is 3424"]
2024.07.12 11:56:59.983["System Name: dist_1: System Number: 1 - FwFsm: version is 3424"]
2024.07.12 12:27:48.514["System Name: dist_1: System Number: 1 - FwFsm: version is 3424"]
2024.07.12 12:50:07.008["System Name: dist_1: System Number: 1 - FwFsm: version is 3424"]
2024.07.12 14:08:49.309["System Name: dist_1: System Number: 1 - FwFsm: version is 3424"]
2024.07.12 14:50:48.331["System Name: dist_1: System Number: 1 - FwFsm: version is 3424"]
2024.07.12 15:21:34.294["System Name: dist_1: System Number: 1 - FwFsm: version is 3424"]
2024.07.15 09:32:22.891["System Name: dist_1: System Number: 1 - FwFsm: version is 3424"]
2024.07.15 09:44:41.626["System Name: dist_1: System Number: 1 - FwFsm: version is 3424"]
2024.07.15 13:53:29.035["System Name: dist_1: System Number: 1 - FwFsm: version is 3424"]
2024.07.15 14:24:14.751["System Name: dist_1: System Number: 1 - FwFsm: version is 3424"]
2024.07.15 14:54:51.598["System Name: dist_1: System Number: 1 - FwFsm: version is 3424"]
2024.07.15 15:25:37.549["System Name: dist_1: System Number: 1 - FwFsm: version is 3424"]
2024.07.15 15:54:52.471["System Name: dist_1: System Number: 1 - FwFsm: version is 3424"]
2024.07.15 16:25:23.734["System Name: dist_1: System Number: 1 - FwFsm: version is 3424"]
2024.07.15 16:55:58.344["System Name: dist_1: System Number: 1 - FwFsm: version is 3424"]
[""]
[""]
["Temp"]
2024.07.15 17:26:31.912["System Name: dist_1: System Number: 1 - FwFsm: version is 3424"]
2024.07.15 17:26:45.652["System Name: dist_1: System Number: 1 - FwFsm: version is 3424"]
2024.07.15 17:57:11.114["System Name: dist_1: System Number: 1 - FwFsm: version is 3424"]
2024.07.15 17:58:37.379["System Name: dist_1: System Number: 1 - FwFsm: version is 3424"]
2024.07.16 09:27:25.516["System Name: dist_1: System Number: 1 - FwFsm: version is 3424"]
2024.07.16 09:42:50.815["System Name: dist_1: System Number: 1 - FwFsm: version is 3424"]
2024.07.16 10:15:00.724["System Name: dist_1: System Number: 1 - FwFsm: version is 3424"]
2024.07.16 10:45:05.376["System Name: dist_1: System Number: 1 - FwFsm: version is 3424"]
2024.07.16 10:45:29.408["System Name: dist_1: System Number: 1 - FwFsm: version is 3424"]
2024.07.16 11:15:59.488["System Name: dist_1: System Number: 1 - FwFsm: version is 3424"]
2024.07.16 11:45:16.491["System Name: dist_1: System Number: 1 - FwFsm: version is 3424"]
2024.07.16 12:20:28.967["System Name: dist_1: System Number: 1 - FwFsm: version is 3424"]
2024.07.16 12:52:01.067["System Name: dist_1: System Number: 1 - FwFsm: version is 3424"]
2024.07.16 13:22:54.004["System Name: dist_1: System Number: 1 - FwFsm: version is 3424"]
2024.07.16 13:49:58.177["System Name: dist_1: System Number: 1 - FwFsm: version is 3424"]
2024.07.16 14:20:31.875["System Name: dist_1: System Number: 1 - FwFsm: version is 3424"]
2024.07.16 14:51:08.578["System Name: dist_1: System Number: 1 - FwFsm: version is 3424"]
2024.07.16 15:21:57.568["System Name: dist_1: System Number: 1 - FwFsm: version is 3424"]
2024.07.16 15:24:14.599["System Name: dist_1: System Number: 1 - FwFsm: version is 3424"]
2024.07.16 15:54:45.244["System Name: dist_1: System Number: 1 - FwFsm: version is 3424"]
2024.07.16 16:25:21.856["System Name: dist_1: System Number: 1 - FwFsm: version is 3424"]
2024.07.16 18:43:24.615["System Name: dist_1: System Number: 1 - FwFsm: version is 3424"]
2024.07.16 19:14:04.811["System Name: dist_1: System Number: 1 - FwFsm: version is 3424"]
[dyn_string 4 items
     1: "This"
     2: "is"
     3: "a"
     4: "test"
]
[dyn_string 2 items
     1: "This"
     2: "is"
]
[dyn_string 4 items
     1: "This"
     2: "is"
     3: "a"
     4: "test"
]
2024.07.16 19:44:36.046["System Name: dist_1: System Number: 1 - FwFsm: version is 3424"]
[22]
[1]
[24]
2024.07.16 20:15:06.833["System Name: dist_1: System Number: 1 - FwFsm: version is 3424"]
2024.07.17 09:36:05.422["System Name: dist_1: System Number: 1 - FwFsm: version is 3424"]
2024.07.17 10:06:31.559["System Name: dist_1: System Number: 1 - FwFsm: version is 3424"]
2024.07.17 10:09:40.521["System Name: dist_1: System Number: 1 - FwFsm: version is 3424"]
["+++++++++"]
["+++++++++"]
["+++++++++"]
["+++++++++"]
["start"]
["start"]
["start"]
["start"]
["+++++++++"]
[5]
["+++++++++"]
2024.07.17 10:40:07.411["System Name: dist_1: System Number: 1 - FwFsm: version is 3424"]
2024.07.17 10:40:41.588["System Name: dist_1: System Number: 1 - FwFsm: version is 3424"]
2024.07.17 11:11:08.469["System Name: dist_1: System Number: 1 - FwFsm: version is 3424"]
2024.07.17 11:18:36.827["System Name: dist_1: System Number: 1 - FwFsm: version is 3424"]
2024.07.17 11:28:59.444["System Name: dist_1: System Number: 1 - FwFsm: version is 3424"]
