PVSS00dim(3) - Thu Jul 11 14:31:59 2024
	*** Using DIM Config DP: FRED
PVSS00dim(3) - Thu Jul 11 14:31:59 2024
	*** DP dist_1:Fwvar.calculator Does Not Exist
PVSS00dim(3) - Thu Jul 11 14:31:59 2024
	*** DP dist_1:Fwvar.number Does Not Exist
PVSS00dim(3) - Thu Jul 11 14:31:59 2024
	*** 2 DIM Client Service(s) Set Up
PVSS00dim(3) - Thu Jul 11 14:31:59 2024
	*** DP dist_1:Fwvar.send Does Not Exist
PVSS00dim(3) - Thu Jul 11 14:31:59 2024
	*** 1 DIM Client Command(s) Set Up
PVSS00dim(3) - Thu Jul 11 14:36:14 2024
	Exiting... 
PVSS00dim(3) - Thu Jul 11 14:36:15 2024
	*** Using DIM Config DP: FRED
PVSS00dim(3) - Thu Jul 11 14:36:15 2024
	*** DP dist_1:Fwvar.calculator Does Not Exist
PVSS00dim(3) - Thu Jul 11 14:36:15 2024
	*** DP dist_1:Fwvar.number Does Not Exist
PVSS00dim(3) - Thu Jul 11 14:36:15 2024
	*** 2 DIM Client Service(s) Set Up
PVSS00dim(3) - Thu Jul 11 14:36:15 2024
	*** DP dist_1:Fwvar.send Does Not Exist
PVSS00dim(3) - Thu Jul 11 14:36:15 2024
	*** 1 DIM Client Command(s) Set Up
PVSS00dim(3) - Thu Jul 11 14:37:02 2024
	Exiting... 
PVSS00dim(3) - Thu Jul 11 14:37:04 2024
	*** Using DIM Config DP: FRED
PVSS00dim(3) - Thu Jul 11 14:37:04 2024
	*** DP dist_1:Fwvar.calculator Does Not Exist
PVSS00dim(3) - Thu Jul 11 14:37:04 2024
	*** DP dist_1:Fwvar.number Does Not Exist
PVSS00dim(3) - Thu Jul 11 14:37:04 2024
	*** 2 DIM Client Service(s) Set Up
PVSS00dim(3) - Thu Jul 11 14:37:04 2024
	*** DP dist_1:Fwvar.send Does Not Exist
PVSS00dim(3) - Thu Jul 11 14:37:04 2024
	*** 1 DIM Client Command(s) Set Up
PVSS00dim(3) - Thu Jul 11 14:38:54 2024
	*** DP dist_1:Fwvar.calculator Does Not Exist
PVSS00dim(3) - Thu Jul 11 14:38:54 2024
	*** DP dist_1:Fwvar.number Does Not Exist
PVSS00dim(3) - Thu Jul 11 14:38:54 2024
	*** 2 DIM Client Service(s) Set Up
PVSS00dim(3) - Thu Jul 11 14:49:11 2024
	*** DP dist_1:Fwvar.send Does Not Exist
PVSS00dim(3) - Thu Jul 11 14:49:11 2024
	*** 2 DIM Client Command(s) Set Up
PVSS00dim(3) - Thu Jul 11 14:49:12 2024
	*** DP dist_1:Fwvar.calculator Does Not Exist
PVSS00dim(3) - Thu Jul 11 14:49:12 2024
	*** DP dist_1:Fwvar.number Does Not Exist
PVSS00dim(3) - Thu Jul 11 14:49:12 2024
	*** 4 DIM Client Service(s) Set Up
PVSS00dim(3) - Thu Jul 11 14:50:15 2024
	Exiting... 
PVSS00dim(3) - Thu Jul 11 14:50:21 2024
	*** Using DIM Config DP: FRED
PVSS00dim(3) - Thu Jul 11 14:50:21 2024
	*** DP dist_1:Fwvar.calculator Does Not Exist
PVSS00dim(3) - Thu Jul 11 14:50:21 2024
	*** DP dist_1:Fwvar.number Does Not Exist
PVSS00dim(3) - Thu Jul 11 14:50:21 2024
	*** 4 DIM Client Service(s) Set Up
PVSS00dim(3) - Thu Jul 11 14:50:21 2024
	*** DP dist_1:Fwvar.send Does Not Exist
PVSS00dim(3) - Thu Jul 11 14:50:21 2024
	*** 2 DIM Client Command(s) Set Up
PVSS00dim(3) - Thu Jul 11 14:50:39 2024
	*** 1 DIM Client Service(s) Deleted
PVSS00dim(3) - Thu Jul 11 14:50:39 2024
	*** DP dist_1:Fwvar.calculator Does Not Exist
PVSS00dim(3) - Thu Jul 11 14:50:39 2024
	*** DP dist_1:Fwvar.number Does Not Exist
PVSS00dim(3) - Thu Jul 11 14:50:39 2024
	*** 3 DIM Client Service(s) Set Up
PVSS00dim(3) - Thu Jul 11 14:55:19 2024
	Exiting... 
PVSS00dim(3) - Thu Jul 11 15:07:14 2024
	*** Using DIM Config DP: FRED
PVSS00dim(3) - Thu Jul 11 15:07:14 2024
	*** DP dist_1:Fwvar.calculator Does Not Exist
PVSS00dim(3) - Thu Jul 11 15:07:14 2024
	*** DP dist_1:Fwvar.number Does Not Exist
PVSS00dim(3) - Thu Jul 11 15:07:14 2024
	*** 4 DIM Client Service(s) Set Up
PVSS00dim(3) - Thu Jul 11 15:07:14 2024
	*** DP dist_1:Fwvar.send Does Not Exist
PVSS00dim(3) - Thu Jul 11 15:07:14 2024
	*** 2 DIM Client Command(s) Set Up
PVSS00dim(3) - Thu Jul 11 15:17:21 2024
	*** Using DIM Config DP: FRED
PVSS00dim(3) - Thu Jul 11 15:17:21 2024
	*** 2 DIM Client Service(s) Set Up
PVSS00dim(3) - Thu Jul 11 15:17:21 2024
	*** 1 DIM Client Command(s) Set Up
PVSS00dim(3) - Thu Jul 11 15:26:08 2024
	Exiting... 
PVSS00dim(3) - Thu Jul 11 15:32:07 2024
	*** Using DIM Config DP: FRED
PVSS00dim(3) - Thu Jul 11 15:32:07 2024
	*** 2 DIM Client Service(s) Set Up
PVSS00dim(3) - Thu Jul 11 15:32:07 2024
	*** 1 DIM Client Command(s) Set Up
PVSS00dim(3) - Thu Jul 11 15:47:44 2024
	Exiting... 
PVSS00dim(3) - Thu Jul 11 15:58:13 2024
	*** Using DIM Config DP: FRED
PVSS00dim(3) - Thu Jul 11 15:58:13 2024
	*** 2 DIM Client Service(s) Set Up
PVSS00dim(3) - Thu Jul 11 15:58:13 2024
	*** 1 DIM Client Command(s) Set Up
PVSS00dim(3) - Thu Jul 11 16:21:45 2024
	Exiting... 
PVSS00dim(3) - Thu Jul 11 16:28:54 2024
	*** Using DIM Config DP: FRED
PVSS00dim(3) - Thu Jul 11 16:28:54 2024
	*** 2 DIM Client Service(s) Set Up
PVSS00dim(3) - Thu Jul 11 16:28:54 2024
	*** 1 DIM Client Command(s) Set Up
PVSS00dim(3) - Thu Jul 11 16:52:34 2024
	Exiting... 
PVSS00dim(3) - Thu Jul 11 16:56:57 2024
	*** Using DIM Config DP: FRED
PVSS00dim(3) - Thu Jul 11 16:56:57 2024
	*** 2 DIM Client Service(s) Set Up
PVSS00dim(3) - Thu Jul 11 16:56:57 2024
	*** 1 DIM Client Command(s) Set Up
PID 23656 - Fri Jul 12 09:06:45 2024 - (ERROR) Server Connecting to DIM_DNS@server.dyndns.cern.ch: Connection refused
PID 23656 - Fri Jul 12 09:06:45 2024 - (ERROR) Client Connecting to DIM_DNS@server.dyndns.cern.ch: Connection refused
PVSS00dim(3) - Fri Jul 12 09:06:46 2024
	Exiting... 
PVSS00dim(3) - Fri Jul 12 09:18:45 2024
	*** Using DIM Config DP: FRED
PVSS00dim(3) - Fri Jul 12 09:18:45 2024
	*** 2 DIM Client Service(s) Set Up
PVSS00dim(3) - Fri Jul 12 09:18:45 2024
	*** 1 DIM Client Command(s) Set Up
PID 24764 - Fri Jul 12 09:21:09 2024 - (ERROR) Server Connecting to DIM_DNS@server.dyndns.cern.ch: Connection refused
PID 24764 - Fri Jul 12 09:21:35 2024 - (ERROR) Client Connecting to DIM_DNS@server.dyndns.cern.ch: Connection refused
PID 27992 - Fri Jul 12 09:22:59 2024 - (ERROR) Client Connecting to DIM_DNS@server.dyndns.cern.ch: Connection refused
PID 24764 - Fri Jul 12 09:24:34 2024 - (INFO) Server Connection established to DIM_DNS@server.dyndns.cern.ch
PID 24764 - Fri Jul 12 09:24:39 2024 - (INFO) Client Connection established to DIM_DNS@server.dyndns.cern.ch
PVSS00dim(3) - Fri Jul 12 09:37:15 2024
	Exiting... 
PVSS00dim(3) - Fri Jul 12 10:06:38 2024
	*** Using DIM Config DP: FRED
PVSS00dim(3) - Fri Jul 12 10:06:38 2024
	*** 2 DIM Client Service(s) Set Up
PVSS00dim(3) - Fri Jul 12 10:06:38 2024
	*** 1 DIM Client Command(s) Set Up
PVSS00dim(3) - Fri Jul 12 10:31:28 2024
	Exiting... 
PVSS00dim(3) - Fri Jul 12 11:30:23 2024
	*** Using DIM Config DP: FRED
PVSS00dim(3) - Fri Jul 12 11:30:23 2024
	*** 2 DIM Client Service(s) Set Up
PVSS00dim(3) - Fri Jul 12 11:30:23 2024
	*** 1 DIM Client Command(s) Set Up
PVSS00dim(3) - Fri Jul 12 11:49:00 2024
	*** Using DIM Config DP: FRED
PVSS00dim(3) - Fri Jul 12 11:49:00 2024
	*** 2 DIM Client Service(s) Set Up
PVSS00dim(3) - Fri Jul 12 11:49:00 2024
	*** 1 DIM Client Command(s) Set Up
PVSS00dim(3) - Fri Jul 12 11:56:31 2024
	Exiting... 
PVSS00dim(3) - Fri Jul 12 11:57:52 2024
	*** Using DIM Config DP: FRED
PVSS00dim(3) - Fri Jul 12 11:57:52 2024
	*** 2 DIM Client Service(s) Set Up
PVSS00dim(3) - Fri Jul 12 11:57:52 2024
	*** 1 DIM Client Command(s) Set Up
PVSS00dim(3) - Fri Jul 12 12:01:15 2024
	*** Using DIM Config DP: FRED
PVSS00dim(3) - Fri Jul 12 12:01:15 2024
	*** 2 DIM Client Service(s) Set Up
PVSS00dim(3) - Fri Jul 12 12:01:15 2024
	*** 1 DIM Client Command(s) Set Up
PVSS00dim(3) - Fri Jul 12 12:26:57 2024
	Exiting... 
PVSS00dim(3) - Fri Jul 12 12:50:17 2024
	*** Using DIM Config DP: FRED
PVSS00dim(3) - Fri Jul 12 12:50:17 2024
	*** 2 DIM Client Service(s) Set Up
PVSS00dim(3) - Fri Jul 12 12:50:17 2024
	*** 2 DIM Client Command(s) Set Up
PVSS00dim(3) - Fri Jul 12 12:51:31 2024
	*** Using DIM Config DP: FRED
PVSS00dim(3) - Fri Jul 12 12:51:31 2024
	*** 3 DIM Client Service(s) Set Up
PVSS00dim(3) - Fri Jul 12 12:51:31 2024
	*** 1 DIM Client Command(s) Set Up
PVSS00dim(3) - Fri Jul 12 12:59:23 2024
	*** Using DIM Config DP: FRED
PVSS00dim(3) - Fri Jul 12 12:59:23 2024
	*** DP dist_1:_mp_FT0.TCM/status/VOLTAGE_1V_8V Does Not Exist
PVSS00dim(3) - Fri Jul 12 12:59:23 2024
	*** 11 DIM Client Service(s) Set Up
PVSS00dim(3) - Fri Jul 12 12:59:23 2024
	*** 1 DIM Client Command(s) Set Up
PVSS00dim(3) - Fri Jul 12 13:01:22 2024
	*** Using DIM Config DP: FRED
PVSS00dim(3) - Fri Jul 12 13:01:22 2024
	*** 11 DIM Client Service(s) Set Up
PVSS00dim(3) - Fri Jul 12 13:01:22 2024
	*** 1 DIM Client Command(s) Set Up
