PVSS00dim(10) - Fri Jul 12 14:09:49 2024
	*** Using DIM Config DP: fwDimDefaultConfig
PVSS00dim(10) - Fri Jul 12 14:10:06 2024
	*** Using DIM Config DP: fwDimDefaultConfig
PVSS00dim(10) - Fri Jul 12 14:13:05 2024
	Exiting... 
PVSS00dim(10) - Fri Jul 12 14:50:45 2024
	*** Using DIM Config DP: fwDimDefaultConfig
PVSS00dim(10) - Fri Jul 12 15:20:44 2024
	Exiting... 
PVSS00dim(10) - Fri Jul 12 15:21:34 2024
	*** Using DIM Config DP: fwDimDefaultConfig
PVSS00dim(10) - Mon Jul 15 09:32:20 2024
	*** Using DIM Config DP: fwDimDefaultConfig
PVSS00dim(10) - Mon Jul 15 09:34:27 2024
	Exiting... 
PVSS00dim(10) - Mon Jul 15 09:44:41 2024
	*** Using DIM Config DP: fwDimDefaultConfig
PVSS00dim(10) - Mon Jul 15 09:54:16 2024
	Exiting... 
PVSS00dim(10) - Mon Jul 15 13:53:26 2024
	*** Using DIM Config DP: fwDimDefaultConfig
PVSS00dim(10) - Mon Jul 15 14:23:24 2024
	Exiting... 
PVSS00dim(10) - Mon Jul 15 14:24:14 2024
	*** Using DIM Config DP: fwDimDefaultConfig
PVSS00dim(10) - Mon Jul 15 14:54:13 2024
	Exiting... 
PVSS00dim(10) - Mon Jul 15 14:54:48 2024
	*** Using DIM Config DP: fwDimDefaultConfig
PVSS00dim(10) - Mon Jul 15 15:24:46 2024
	Exiting... 
PVSS00dim(10) - Mon Jul 15 15:25:37 2024
	*** Using DIM Config DP: fwDimDefaultConfig
PVSS00dim(10) - Mon Jul 15 15:54:27 2024
	Exiting... 
PVSS00dim(10) - Mon Jul 15 15:54:52 2024
	*** Using DIM Config DP: fwDimDefaultConfig
PVSS00dim(10) - Mon Jul 15 16:24:50 2024
	Exiting... 
PVSS00dim(10) - Mon Jul 15 16:25:23 2024
	*** Using DIM Config DP: fwDimDefaultConfig
PVSS00dim(10) - Mon Jul 15 16:55:22 2024
	Exiting... 
PVSS00dim(10) - Mon Jul 15 16:55:58 2024
	*** Using DIM Config DP: fwDimDefaultConfig
PVSS00dim(10) - Mon Jul 15 17:25:56 2024
	Exiting... 
PVSS00dim(10) - Mon Jul 15 17:26:31 2024
	*** Using DIM Config DP: fwDimDefaultConfig
PVSS00dim(10) - Mon Jul 15 17:26:32 2024
	Exiting... 
PVSS00dim(10) - Mon Jul 15 17:26:46 2024
	*** Using DIM Config DP: fwDimDefaultConfig
PVSS00dim(10) - Mon Jul 15 17:56:43 2024
	Exiting... 
PVSS00dim(10) - Mon Jul 15 17:57:11 2024
	*** Using DIM Config DP: fwDimDefaultConfig
PVSS00dim(10) - Mon Jul 15 17:58:25 2024
	Exiting... 
PVSS00dim(10) - Mon Jul 15 17:58:37 2024
	*** Using DIM Config DP: fwDimDefaultConfig
PID 2256 - Mon Jul 15 18:05:44 2024 - (ERROR) Client Connecting to DIM_DNS@128.141.221.200: Connection timed out
PID 2256 - Mon Jul 15 18:05:46 2024 - (ERROR) Server Connecting to DIM_DNS@128.141.221.200: Connection timed out
PVSS00dim(10) - Mon Jul 15 18:13:32 2024
	Exiting... 
PVSS00dim(10) - Tue Jul 16 09:27:25 2024
	*** Using DIM Config DP: fwDimDefaultConfig
PVSS00dim(10) - Tue Jul 16 09:42:40 2024
	Exiting... 
PVSS00dim(10) - Tue Jul 16 09:42:51 2024
	*** Using DIM Config DP: fwDimDefaultConfig
PVSS00dim(10) - Tue Jul 16 10:12:49 2024
	Exiting... 
PVSS00dim(10) - Tue Jul 16 10:15:00 2024
	*** Using DIM Config DP: fwDimDefaultConfig
PVSS00dim(10) - Tue Jul 16 10:44:58 2024
	Exiting... 
PVSS00dim(10) - Tue Jul 16 10:45:05 2024
	*** Using DIM Config DP: fwDimDefaultConfig
PVSS00dim(10) - Tue Jul 16 10:45:16 2024
	Exiting... 
PVSS00dim(10) - Tue Jul 16 10:45:29 2024
	*** Using DIM Config DP: fwDimDefaultConfig
PVSS00dim(10) - Tue Jul 16 11:15:27 2024
	Exiting... 
PVSS00dim(10) - Tue Jul 16 11:15:59 2024
	*** Using DIM Config DP: fwDimDefaultConfig
PVSS00dim(10) - Tue Jul 16 11:37:46 2024
	Exiting... 
PVSS00dim(10) - Tue Jul 16 11:45:15 2024
	*** Using DIM Config DP: fwDimDefaultConfig
PVSS00dim(10) - Tue Jul 16 12:13:19 2024
	Exiting... 
PVSS00dim(10) - Tue Jul 16 12:20:28 2024
	*** Using DIM Config DP: fwDimDefaultConfig
PVSS00dim(10) - Tue Jul 16 12:50:26 2024
	Exiting... 
PVSS00dim(10) - Tue Jul 16 12:52:01 2024
	*** Using DIM Config DP: fwDimDefaultConfig
PVSS00dim(10) - Tue Jul 16 13:21:59 2024
	Exiting... 
PVSS00dim(10) - Tue Jul 16 13:22:52 2024
	*** Using DIM Config DP: fwDimDefaultConfig
PVSS00dim(10) - Tue Jul 16 13:49:30 2024
	Exiting... 
PVSS00dim(10) - Tue Jul 16 13:49:55 2024
	*** Using DIM Config DP: fwDimDefaultConfig
PVSS00dim(10) - Tue Jul 16 14:19:53 2024
	Exiting... 
PVSS00dim(10) - Tue Jul 16 14:20:31 2024
	*** Using DIM Config DP: fwDimDefaultConfig
PVSS00dim(10) - Tue Jul 16 14:50:29 2024
	Exiting... 
PVSS00dim(10) - Tue Jul 16 14:51:08 2024
	*** Using DIM Config DP: fwDimDefaultConfig
PVSS00dim(10) - Tue Jul 16 15:21:06 2024
	Exiting... 
PVSS00dim(10) - Tue Jul 16 15:21:57 2024
	*** Using DIM Config DP: fwDimDefaultConfig
PVSS00dim(10) - Tue Jul 16 15:22:07 2024
	Exiting... 
PVSS00dim(10) - Tue Jul 16 15:24:14 2024
	*** Using DIM Config DP: fwDimDefaultConfig
PVSS00dim(10) - Tue Jul 16 15:54:12 2024
	Exiting... 
PVSS00dim(10) - Tue Jul 16 15:54:44 2024
	*** Using DIM Config DP: fwDimDefaultConfig
PID 25712 - Tue Jul 16 16:19:27 2024 - (ERROR) Client Connecting to DIM_DNS@128.141.221.200: Connection timed out
PID 25712 - Tue Jul 16 16:19:29 2024 - (ERROR) Server Connecting to DIM_DNS@128.141.221.200: Connection timed out
PID 25712 - Tue Jul 16 16:20:04 2024 - (INFO) Server Connection established to DIM_DNS@128.141.221.200
PID 25712 - Tue Jul 16 16:20:05 2024 - (INFO) Client Connection established to DIM_DNS@128.141.221.200
PVSS00dim(10) - Tue Jul 16 16:24:42 2024
	Exiting... 
PVSS00dim(10) - Tue Jul 16 16:25:21 2024
	*** Using DIM Config DP: fwDimDefaultConfig
PVSS00dim(10) - Tue Jul 16 16:45:05 2024
	Exiting... 
PVSS00dim(10) - Tue Jul 16 18:43:24 2024
	*** Using DIM Config DP: fwDimDefaultConfig
PID 19804 - Tue Jul 16 19:08:11 2024 - (ERROR) Client Connecting to DIM_DNS@128.141.221.200: Connection timed out
PID 19804 - Tue Jul 16 19:08:13 2024 - (ERROR) Server Connecting to DIM_DNS@128.141.221.200: Connection timed out
PVSS00dim(10) - Tue Jul 16 19:13:24 2024
	Exiting... 
PID 11132 - Tue Jul 16 19:14:06 2024 - (ERROR) Client Connecting to DIM_DNS@128.141.221.200: Connection timed out
PVSS00dim(10) - Tue Jul 16 19:14:06 2024
	*** Using DIM Config DP: fwDimDefaultConfig
PID 11132 - Tue Jul 16 19:14:08 2024 - (ERROR) Server Connecting to DIM_DNS@128.141.221.200: Connection timed out
PVSS00dim(10) - Tue Jul 16 19:44:03 2024
	Exiting... 
PID 26496 - Tue Jul 16 19:44:39 2024 - (ERROR) Client Connecting to DIM_DNS@128.141.221.200: Connection timed out
PVSS00dim(10) - Tue Jul 16 19:44:39 2024
	*** Using DIM Config DP: fwDimDefaultConfig
PID 26496 - Tue Jul 16 19:44:41 2024 - (ERROR) Server Connecting to DIM_DNS@128.141.221.200: Connection timed out
PVSS00dim(10) - Tue Jul 16 20:14:34 2024
	Exiting... 
PID 25704 - Tue Jul 16 20:15:08 2024 - (ERROR) Client Connecting to DIM_DNS@128.141.221.200: Connection timed out
PVSS00dim(10) - Tue Jul 16 20:15:08 2024
	*** Using DIM Config DP: fwDimDefaultConfig
PID 25704 - Tue Jul 16 20:15:10 2024 - (ERROR) Server Connecting to DIM_DNS@128.141.221.200: Connection timed out
PVSS00dim(10) - Tue Jul 16 20:45:05 2024
	Exiting... 
PVSS00dim(10) - Wed Jul 17 09:36:05 2024
	*** Using DIM Config DP: fwDimDefaultConfig
PVSS00dim(10) - Wed Jul 17 10:06:02 2024
	Exiting... 
PVSS00dim(10) - Wed Jul 17 10:06:31 2024
	*** Using DIM Config DP: fwDimDefaultConfig
PVSS00dim(10) - Wed Jul 17 10:09:28 2024
	Exiting... 
PVSS00dim(10) - Wed Jul 17 10:09:40 2024
	*** Using DIM Config DP: fwDimDefaultConfig
PVSS00dim(10) - Wed Jul 17 10:39:38 2024
	Exiting... 
PVSS00dim(10) - Wed Jul 17 10:40:06 2024
	*** Using DIM Config DP: fwDimDefaultConfig
PVSS00dim(10) - Wed Jul 17 10:40:24 2024
	Exiting... 
PVSS00dim(10) - Wed Jul 17 10:40:41 2024
	*** Using DIM Config DP: fwDimDefaultConfig
PVSS00dim(10) - Wed Jul 17 11:10:39 2024
	Exiting... 
PVSS00dim(10) - Wed Jul 17 11:11:08 2024
	*** Using DIM Config DP: fwDimDefaultConfig
PVSS00dim(10) - Wed Jul 17 11:16:37 2024
	Exiting... 
PVSS00dim(10) - Wed Jul 17 11:18:36 2024
	*** Using DIM Config DP: fwDimDefaultConfig
PVSS00dim(10) - Wed Jul 17 11:27:52 2024
	Exiting... 
PVSS00dim(10) - Wed Jul 17 11:28:59 2024
	*** Using DIM Config DP: fwDimDefaultConfig
